<?xml version="1.0" encoding="UTF-8"?>
<robot generator="Robot 6.0.1 (Python 3.10.6 on win32)" generated="20230424 23:05:17.769" rpa="false" schemaversion="3">
<suite id="s1" name="Encrypt" source="C:\Users\balua\PycharmProjects\Encrypt\TestCases\Encrypt.robot">
<test id="s1-t1" name="TC01" line="18">
<kw name="Open Browser" library="SeleniumLibrary">
<arg>${url}</arg>
<arg>${browser}</arg>
<doc>Opens a new browser instance to the optional ``url``.</doc>
<msg timestamp="20230424 23:05:21.767" level="INFO">Opening browser 'chrome' to base url 'https://opensource-demo.orangehrmlive.com/web/index.php/auth/login'.</msg>
<status status="PASS" starttime="20230424 23:05:21.763" endtime="20230424 23:05:32.215"/>
</kw>
<kw name="Maximize Browser Window" library="SeleniumLibrary">
<doc>Maximizes current browser window.</doc>
<status status="PASS" starttime="20230424 23:05:32.216" endtime="20230424 23:05:32.364"/>
</kw>
<kw name="Sleep" library="BuiltIn">
<arg>3</arg>
<doc>Pauses the test executed for the given time.</doc>
<msg timestamp="20230424 23:05:35.375" level="INFO">Slept 3 seconds</msg>
<status status="PASS" starttime="20230424 23:05:32.364" endtime="20230424 23:05:35.375"/>
</kw>
<kw name="Login Test">
<kw name="Input Text" library="SeleniumLibrary">
<arg>name:username</arg>
<arg>${Username}</arg>
<doc>Types the given ``text`` into the text field identified by ``locator``.</doc>
<msg timestamp="20230424 23:05:35.378" level="INFO">Typing text 'Admin' into text field 'name:username'.</msg>
<status status="PASS" starttime="20230424 23:05:35.377" endtime="20230424 23:05:35.579"/>
</kw>
<kw name="Sleep" library="BuiltIn">
<arg>3</arg>
<doc>Pauses the test executed for the given time.</doc>
<msg timestamp="20230424 23:05:38.594" level="INFO">Slept 3 seconds</msg>
<status status="PASS" starttime="20230424 23:05:35.579" endtime="20230424 23:05:38.594"/>
</kw>
<kw name="Input Text" library="SeleniumLibrary">
<arg>name:password</arg>
<arg>${PSW_AS_PLAINTEXT}</arg>
<doc>Types the given ``text`` into the text field identified by ``locator``.</doc>
<msg timestamp="20230424 23:05:38.597" level="INFO">Typing text '***' into text field 'name:password'.</msg>
<status status="PASS" starttime="20230424 23:05:38.595" endtime="20230424 23:05:38.946"/>
</kw>
<kw name="Sleep" library="BuiltIn">
<arg>2</arg>
<doc>Pauses the test executed for the given time.</doc>
<msg timestamp="20230424 23:05:40.950" level="INFO">Slept 2 seconds</msg>
<status status="PASS" starttime="20230424 23:05:38.947" endtime="20230424 23:05:40.950"/>
</kw>
<kw name="Click Element" library="SeleniumLibrary">
<arg>xpath://button[@type='submit']</arg>
<doc>Click the element identified by ``locator``.</doc>
<msg timestamp="20230424 23:05:40.953" level="INFO">Clicking element 'xpath://button[@type='submit']'.</msg>
<status status="PASS" starttime="20230424 23:05:40.951" endtime="20230424 23:05:41.164"/>
</kw>
<status status="PASS" starttime="20230424 23:05:35.376" endtime="20230424 23:05:41.164"/>
</kw>
<kw name="Close Browser" library="SeleniumLibrary">
<doc>Closes the current browser.</doc>
<status status="PASS" starttime="20230424 23:05:41.165" endtime="20230424 23:05:46.328"/>
</kw>
<status status="PASS" starttime="20230424 23:05:21.751" endtime="20230424 23:05:46.329"/>
</test>
<status status="PASS" starttime="20230424 23:05:17.776" endtime="20230424 23:05:46.330"/>
</suite>
<statistics>
<total>
<stat pass="1" fail="0" skip="0">All Tests</stat>
</total>
<tag>
</tag>
<suite>
<stat pass="1" fail="0" skip="0" id="s1" name="Encrypt">Encrypt</stat>
</suite>
</statistics>
<errors>
</errors>
</robot>
